<?xml version="1.0" encoding="UTF-8"?>
<coverage generated="1772551354017" clover="3.2.0">
  <project timestamp="1772551354017" name="All files">
    <metrics statements="11" coveredstatements="11" conditionals="4" coveredconditionals="4" methods="4" coveredmethods="4" elements="19" coveredelements="19" complexity="0" loc="11" ncloc="11" packages="1" files="1" classes="1"/>
    <file name="os.ts" path="/home/skawn1057/Development/antigravity-autorun/src/utils/os.ts">
      <metrics statements="11" coveredstatements="11" conditionals="4" coveredconditionals="4" methods="4" coveredmethods="4"/>
      <line num="4" count="4" type="cond" truecount="2" falsecount="0"/>
      <line num="5" count="3" type="stmt"/>
      <line num="6" count="3" type="stmt"/>
      <line num="7" count="3" type="stmt"/>
      <line num="9" count="1" type="stmt"/>
      <line num="14" count="3" type="stmt"/>
      <line num="19" count="3" type="stmt"/>
      <line num="20" count="3" type="stmt"/>
      <line num="21" count="3" type="stmt"/>
      <line num="22" count="3" type="cond" truecount="2" falsecount="0"/>
      <line num="26" count="2" type="stmt"/>
    </file>
  </project>
</coverage>
