{"/home/skawn1057/Development/antigravity-autorun/src/utils/os.ts": {"path":"/home/skawn1057/Development/antigravity-autorun/src/utils/os.ts","statementMap":{"0":{"start":{"line":4,"column":2},"end":{"line":4,"column":null}},"1":{"start":{"line":4,"column":36},"end":{"line":4,"column":null}},"2":{"start":{"line":5,"column":2},"end":{"line":10,"column":null}},"3":{"start":{"line":6,"column":20},"end":{"line":6,"column":null}},"4":{"start":{"line":7,"column":4},"end":{"line":7,"column":null}},"5":{"start":{"line":9,"column":4},"end":{"line":9,"column":null}},"6":{"start":{"line":14,"column":2},"end":{"line":15,"column":null}},"7":{"start":{"line":14,"column":57},"end":{"line":14,"column":87}},"8":{"start":{"line":19,"column":2},"end":{"line":25,"column":null}},"9":{"start":{"line":20,"column":19},"end":{"line":20,"column":null}},"10":{"start":{"line":21,"column":18},"end":{"line":21,"column":null}},"11":{"start":{"line":22,"column":4},"end":{"line":22,"column":null}},"12":{"start":{"line":22,"column":15},"end":{"line":22,"column":null}},"13":{"start":{"line":26,"column":2},"end":{"line":26,"column":null}}},"fnMap":{"0":{"name":"isWSL","decl":{"start":{"line":3,"column":16},"end":{"line":3,"column":33}},"loc":{"start":{"line":3,"column":33},"end":{"line":11,"column":null}},"line":3},"1":{"name":"toWSLPath","decl":{"start":{"line":13,"column":16},"end":{"line":13,"column":26}},"loc":{"start":{"line":13,"column":51},"end":{"line":16,"column":null}},"line":13},"2":{"name":"(anonymous_2)","decl":{"start":{"line":14,"column":43},"end":{"line":14,"column":44}},"loc":{"start":{"line":14,"column":57},"end":{"line":14,"column":87}},"line":14},"3":{"name":"getWindowsHost","decl":{"start":{"line":18,"column":16},"end":{"line":18,"column":41}},"loc":{"start":{"line":18,"column":41},"end":{"line":27,"column":null}},"line":18}},"branchMap":{"0":{"loc":{"start":{"line":4,"column":2},"end":{"line":4,"column":null}},"type":"if","locations":[{"start":{"line":4,"column":2},"end":{"line":4,"column":null}},{"start":{},"end":{}}],"line":4},"1":{"loc":{"start":{"line":22,"column":4},"end":{"line":22,"column":null}},"type":"if","locations":[{"start":{"line":22,"column":4},"end":{"line":22,"column":null}},{"start":{},"end":{}}],"line":22}},"s":{"0":4,"1":1,"2":3,"3":3,"4":3,"5":1,"6":3,"7":3,"8":3,"9":3,"10":3,"11":3,"12":1,"13":2},"f":{"0":4,"1":3,"2":3,"3":3},"b":{"0":[1,3],"1":[1,2]},"meta":{"lastBranch":2,"lastFunction":4,"lastStatement":14,"seen":{"f:3:16:3:33":0,"b:4:2:4:Infinity:undefined:undefined:undefined:undefined":0,"s:4:2:4:Infinity":0,"s:4:36:4:Infinity":1,"s:5:2:10:Infinity":2,"s:6:20:6:Infinity":3,"s:7:4:7:Infinity":4,"s:9:4:9:Infinity":5,"f:13:16:13:26":1,"s:14:2:15:Infinity":6,"f:14:43:14:44":2,"s:14:57:14:87":7,"f:18:16:18:41":3,"s:19:2:25:Infinity":8,"s:20:19:20:Infinity":9,"s:21:18:21:Infinity":10,"b:22:4:22:Infinity:undefined:undefined:undefined:undefined":1,"s:22:4:22:Infinity":11,"s:22:15:22:Infinity":12,"s:26:2:26:Infinity":13}}}
}
